{"message":"[2019-12-19 15:35:45] : /ws/authentification","level":"info"}
{"message":"Chaining to Authentification","level":"info"}
{"message":"[2019-12-19 15:37:54] : /ws/authentification","level":"info"}
{"message":"Chaining to Authentification","level":"info"}
{"message":"[2019-12-19 15:39:01] : /ws/authentification","level":"info"}
{"message":"Chaining to Authentification","level":"info"}
{"message":"[2019-12-19 15:43:13] : /ws/authentification","level":"info"}
{"message":"Chaining to Authentification","level":"info"}
{"message":"[2019-12-19 15:43:53] : /ws/authentification","level":"info"}
{"message":"Chaining to Authentification","level":"info"}
{"message":"[2019-12-19 15:43:53] : /ws/user/b2604da3-20c0-11ea-842d-d43d7ede09e4","level":"info"}
{"level":"info","message":"warn"}
{"message":"[2019-12-19 15:45:22] : /ws/authentification","level":"info"}
{"message":"[2019-12-19 15:45:33] : /ws/authentification","level":"info"}
{"message":"[2019-12-19 15:45:45] : /ws/authentification","level":"info"}
{"message":"Chaining to Authentification","level":"info"}
{"message":"[2019-12-19 15:45:45] : /ws/user/b2604da3-20c0-11ea-842d-d43d7ede09e4","level":"info"}
{"message":"[2019-12-19 15:46:12] : /ws/authentification","level":"info"}
{"message":"Chaining to Authentification","level":"info"}
{"message":"[2019-12-19 15:46:12] : /ws/user/b2604da3-20c0-11ea-842d-d43d7ede09e4","level":"info"}
{"message":"Accès refusé !","level":"warn"}
{"message":"[2019-12-19 15:46:44] : /ws/authentification","level":"info"}
{"message":"[2019-12-19 16:01:16] : /ws/authentification","level":"info"}
{"message":"[2019-12-19 16:01:23] : /ws/authentification","level":"info"}
{"message":"[2019-12-19 16:15:22] : /ws/authentification","level":"info"}
{"message":"[2019-12-19 16:15:30] : /ws/authentification","level":"info"}
{"message":"[2019-12-19 16:16:25] : /ws/authentification","level":"info"}
{"message":"[2019-12-19 16:17:00] : /ws/authentification","level":"info"}
{"message":"[2019-12-19 16:17:50] : /ws/authentification","level":"info"}
{"message":"Chaining to Authentification","level":"info"}
{"message":"[2019-12-19 16:17:51] : /ws/user/b2604da3-20c0-11ea-842d-d43d7ede09e4","level":"info"}
{"message":"[2019-12-19 16:29:50] : /ws/authentification","level":"info"}
{"message":"[2019-12-19 16:31:43] : /ws/authentification","level":"info"}
{"message":"[2019-12-19 16:33:26] : /ws/authentification","level":"info"}
{"message":"[2019-12-19 16:50:04] : /ws/authentification","level":"info"}
{"message":"[2019-12-19 16:50:05] : /ws/authentification","level":"info"}
{"message":"[2019-12-19 16:50:39] : /ws/authentification","level":"info"}
{"message":"Chaining to Authentification","level":"info"}
{"message":"[2019-12-19 16:50:40] : /ws/user/b2604da3-20c0-11ea-842d-d43d7ede09e4","level":"info"}
{"message":"[2019-12-19 16:56:12] : /ws/authentification","level":"info"}
{"message":"[2019-12-19 16:56:46] : /ws/authentification","level":"info"}
{"message":"Chaining to Authentification","level":"info"}
{"message":"[2019-12-19 16:56:47] : /ws/user/b2604da3-20c0-11ea-842d-d43d7ede09e4","level":"info"}
{"message":"[2019-12-19 16:58:05] : /ws/authentification","level":"info"}
{"message":"[2019-12-19 16:58:05] : /ws/user/b2604da3-20c0-11ea-842d-d43d7ede09e4","level":"info"}
{"message":"[2019-12-19 16:58:35] : /ws/materiel/coordinateur/0bc28cf8-20c0-11ea-842d-d43d7ede09e4","level":"info"}
{"message":"[2019-12-19 16:58:35] : /ws/soin/coordinateur/0bc28cf8-20c0-11ea-842d-d43d7ede09e4","level":"info"}
{"message":"[2019-12-19 16:58:46] : /ws/materiel/coordinateur/0bc28cf8-20c0-11ea-842d-d43d7ede09e4","level":"info"}
{"message":"[2019-12-19 16:58:46] : /ws/soin/coordinateur/0bc28cf8-20c0-11ea-842d-d43d7ede09e4","level":"info"}
{"message":"[2019-12-19 16:59:05] : /ws/authentification","level":"info"}
{"message":"[2019-12-19 16:59:05] : /ws/user/b2604da3-20c0-11ea-842d-d43d7ede09e4","level":"info"}
{"message":"[2019-12-19 16:59:17] : /ws/materiel/coordinateur/0bc28cf8-20c0-11ea-842d-d43d7ede09e4","level":"info"}
{"message":"[2019-12-19 16:59:17] : /ws/soin/coordinateur/0bc28cf8-20c0-11ea-842d-d43d7ede09e4","level":"info"}
{"message":"[2019-12-19 17:07:41] : /ws/authentification","level":"info"}
{"message":"[2019-12-19 17:10:05] : /ws/authentification","level":"info"}
{"message":"Chaining to Authentification","level":"info"}
{"message":"[2019-12-19 17:10:05] : /ws/user/b2604da3-20c0-11ea-842d-d43d7ede09e4","level":"info"}
{"message":"[2019-12-19 17:12:37] : /ws/authentification","level":"info"}
{"message":"Chaining to Authentification","level":"info"}
{"message":"[2019-12-19 17:12:37] : /ws/user/b2604da3-20c0-11ea-842d-d43d7ede09e4","level":"info"}
{"message":"[2019-12-19 17:13:30] : /ws/authentification","level":"info"}
{"message":"Chaining to Authentification","level":"info"}
{"message":"[2019-12-19 17:13:30] : /ws/user/b2604da3-20c0-11ea-842d-d43d7ede09e4","level":"info"}
{"message":"[2019-12-19 17:13:43] : /ws/authentification","level":"info"}
{"message":"[2019-12-19 17:14:00] : /ws/authentification","level":"info"}
{"message":"Chaining to Authentification","level":"info"}
{"message":"[2019-12-19 17:14:00] : /ws/user/b2604da3-20c0-11ea-842d-d43d7ede09e4","level":"info"}
{"message":"[2019-12-19 17:15:41] : /ws/authentification","level":"info"}
{"message":"[2019-12-19 17:15:55] : /ws/authentification","level":"info"}
{"message":"Chaining to Authentification","level":"info"}
{"message":"[2019-12-19 17:15:56] : /ws/user/b2604da3-20c0-11ea-842d-d43d7ede09e4","level":"info"}
{"message":"[2019-12-19 17:16:29] : /ws/authentification","level":"info"}
{"message":"Chaining to Authentification","level":"info"}
{"message":"[2019-12-19 17:16:30] : /ws/user/b2604da3-20c0-11ea-842d-d43d7ede09e4","level":"info"}
{"message":"[2019-12-19 17:17:42] : /ws/authentification","level":"info"}
{"message":"Chaining to Authentification","level":"info"}
{"message":"[2019-12-19 17:17:42] : /ws/user/b2604da3-20c0-11ea-842d-d43d7ede09e4","level":"info"}
{"message":"[2019-12-19 17:17:53] : /ws/authentification","level":"info"}
{"message":"Chaining to Authentification","level":"info"}
{"message":"[2019-12-19 17:17:53] : /ws/user/b2604da3-20c0-11ea-842d-d43d7ede09e4","level":"info"}
{"message":"[2019-12-19 17:19:17] : /ws/authentification","level":"info"}
{"message":"Chaining to Authentification","level":"info"}
{"message":"[2019-12-19 17:19:17] : /ws/user/b2604da3-20c0-11ea-842d-d43d7ede09e4","level":"info"}
{"message":"[2019-12-19 17:19:42] : /ws/authentification","level":"info"}
{"message":"Chaining to Authentification","level":"info"}
{"message":"[2019-12-19 17:19:42] : /ws/user/b2604da3-20c0-11ea-842d-d43d7ede09e4","level":"info"}
{"message":"[2019-12-19 17:20:05] : /ws/authentification","level":"info"}
{"message":"Chaining to Authentification","level":"info"}
{"message":"[2019-12-19 17:20:05] : /ws/user/b2604da3-20c0-11ea-842d-d43d7ede09e4","level":"info"}
{"message":"[2019-12-19 17:21:10] : /ws/authentification","level":"info"}
{"message":"Chaining to Authentification","level":"info"}
{"message":"[2019-12-19 17:21:10] : /ws/user/b2604da3-20c0-11ea-842d-d43d7ede09e4","level":"info"}
{"message":"[2019-12-19 17:21:36] : /ws/authentification","level":"info"}
{"message":"[2019-12-19 17:21:38] : /ws/authentification","level":"info"}
{"message":"[2019-12-19 17:21:45] : /ws/authentification","level":"info"}
{"message":"Chaining to Authentification","level":"info"}
{"message":"[2019-12-19 17:21:45] : /ws/user/b2604da3-20c0-11ea-842d-d43d7ede09e4","level":"info"}
{"message":"[2019-12-19 17:23:07] : /ws/authentification","level":"info"}
{"message":"Chaining to Authentification","level":"info"}
{"message":"[2019-12-19 17:23:07] : /ws/user/b2604da3-20c0-11ea-842d-d43d7ede09e4","level":"info"}
{"message":"[2019-12-19 17:23:28] : /ws/authentification","level":"info"}
{"message":"[2019-12-19 17:24:55] : /ws/authentification","level":"info"}
{"message":"Chaining to Authentification","level":"info"}
{"message":"[2019-12-19 17:24:55] : /ws/user/b2604da3-20c0-11ea-842d-d43d7ede09e4","level":"info"}
{"message":"[2019-12-19 17:26:04] : /ws/authentification","level":"info"}
{"message":"Chaining to Authentification","level":"info"}
{"message":"[2019-12-19 17:26:04] : /ws/user/b2604da3-20c0-11ea-842d-d43d7ede09e4","level":"info"}
{"message":"[2019-12-19 17:27:45] : /ws/authentification","level":"info"}
{"message":"Chaining to Authentification","level":"info"}
{"message":"[2019-12-19 17:27:45] : /ws/user/b2604da3-20c0-11ea-842d-d43d7ede09e4","level":"info"}
{"message":"[2019-12-19 17:29:43] : /ws/materiel/coordinateur/0bc28cf8-20c0-11ea-842d-d43d7ede09e4","level":"info"}
{"message":"[2019-12-19 17:29:43] : /ws/soin/coordinateur/0bc28cf8-20c0-11ea-842d-d43d7ede09e4","level":"info"}
{"message":"[2019-12-19 17:30:01] : /ws/authentification","level":"info"}
{"message":"Chaining to Authentification","level":"info"}
{"message":"[2019-12-19 17:30:02] : /ws/user/b2604da3-20c0-11ea-842d-d43d7ede09e4","level":"info"}
{"message":"[2019-12-19 17:31:22] : /ws/authentification","level":"info"}
{"message":"Chaining to Authentification","level":"info"}
{"message":"[2019-12-19 17:31:22] : /ws/user/b2604da3-20c0-11ea-842d-d43d7ede09e4","level":"info"}
{"message":"[2019-12-19 17:33:35] : /ws/authentification","level":"info"}
{"message":"Chaining to Authentification","level":"info"}
{"message":"[2019-12-19 17:33:35] : /ws/user/b2604da3-20c0-11ea-842d-d43d7ede09e4","level":"info"}
{"message":"[2019-12-19 17:33:56] : /ws/materiel/coordinateur/0bc28cf8-20c0-11ea-842d-d43d7ede09e4","level":"info"}
{"message":"[2019-12-19 17:33:56] : /ws/soin/coordinateur/0bc28cf8-20c0-11ea-842d-d43d7ede09e4","level":"info"}
{"message":"[2019-12-19 17:34:09] : /ws/authentification","level":"info"}
{"message":"Chaining to Authentification","level":"info"}
{"message":"[2019-12-19 17:34:09] : /ws/user/b2604da3-20c0-11ea-842d-d43d7ede09e4","level":"info"}
{"message":"[2019-12-19 17:34:22] : /ws/authentification","level":"info"}
{"message":"[2019-12-19 17:34:22] : /ws/user/b2604da3-20c0-11ea-842d-d43d7ede09e4","level":"info"}
{"message":"[2019-12-19 17:34:22] : /ws/materiel/coordinateur/0bc28cf8-20c0-11ea-842d-d43d7ede09e4","level":"info"}
{"message":"[2019-12-19 17:34:22] : /ws/soin/coordinateur/0bc28cf8-20c0-11ea-842d-d43d7ede09e4","level":"info"}
{"message":"[2019-12-19 17:34:33] : /ws/materiel/coordinateur/0bc28cf8-20c0-11ea-842d-d43d7ede09e4","level":"info"}
{"message":"[2019-12-19 17:34:33] : /ws/soin/coordinateur/0bc28cf8-20c0-11ea-842d-d43d7ede09e4","level":"info"}
{"message":"[2019-12-19 17:34:47] : /ws/authentification","level":"info"}
{"message":"Chaining to Authentification","level":"info"}
{"message":"[2019-12-19 17:34:47] : /ws/user/b2604da3-20c0-11ea-842d-d43d7ede09e4","level":"info"}
{"message":"[2019-12-19 17:35:06] : /ws/authentification","level":"info"}
{"message":"Chaining to Authentification","level":"info"}
{"message":"[2019-12-19 17:35:06] : /ws/user/b2604da3-20c0-11ea-842d-d43d7ede09e4","level":"info"}
{"message":"[2019-12-19 17:35:08] : /ws/authentification","level":"info"}
{"message":"[2019-12-19 17:35:08] : /ws/user/b2604da3-20c0-11ea-842d-d43d7ede09e4","level":"info"}
{"message":"[2019-12-19 17:36:35] : /ws/authentification","level":"info"}
{"message":"Chaining to Authentification","level":"info"}
{"message":"[2019-12-19 17:36:36] : /ws/user/b2604da3-20c0-11ea-842d-d43d7ede09e4","level":"info"}
{"message":"[2019-12-19 17:37:34] : /ws/materiel/coordinateur/0bc28cf8-20c0-11ea-842d-d43d7ede09e4","level":"info"}
{"message":"[2019-12-19 17:37:34] : /ws/soin/coordinateur/0bc28cf8-20c0-11ea-842d-d43d7ede09e4","level":"info"}
{"message":"[2019-12-19 17:37:40] : /ws/materiel/coordinateur/0bc28cf8-20c0-11ea-842d-d43d7ede09e4","level":"info"}
{"message":"[2019-12-19 17:37:40] : /ws/soin/coordinateur/0bc28cf8-20c0-11ea-842d-d43d7ede09e4","level":"info"}
{"message":"[2019-12-19 17:37:51] : /ws/authentification","level":"info"}
{"message":"Chaining to Authentification","level":"info"}
{"message":"[2019-12-19 17:37:51] : /ws/user/b2604da3-20c0-11ea-842d-d43d7ede09e4","level":"info"}
{"message":"[2019-12-19 17:37:53] : /ws/authentification","level":"info"}
{"message":"[2019-12-19 17:37:53] : /ws/user/b2604da3-20c0-11ea-842d-d43d7ede09e4","level":"info"}
{"message":"[2019-12-19 17:38:04] : /ws/materiel/coordinateur/0bc28cf8-20c0-11ea-842d-d43d7ede09e4","level":"info"}
{"message":"[2019-12-19 17:38:04] : /ws/soin/coordinateur/0bc28cf8-20c0-11ea-842d-d43d7ede09e4","level":"info"}
{"message":"[2019-12-19 17:44:47] : /ws/authentification","level":"info"}
{"message":"Chaining to Authentification","level":"info"}
{"message":"[2019-12-19 17:44:47] : /ws/user/b2604da3-20c0-11ea-842d-d43d7ede09e4","level":"info"}
{"message":"[2019-12-19 17:44:49] : /ws/authentification","level":"info"}
{"message":"[2019-12-19 17:44:49] : /ws/user/b2604da3-20c0-11ea-842d-d43d7ede09e4","level":"info"}
{"message":"[2019-12-19 17:59:32] : /ws/materiel/coordinateur/0bc28cf8-20c0-11ea-842d-d43d7ede09e4","level":"info"}
{"message":"[2019-12-19 17:59:32] : /ws/soin/coordinateur/0bc28cf8-20c0-11ea-842d-d43d7ede09e4","level":"info"}
{"message":"[2019-12-19 17:59:45] : /ws/materiel/coordinateur/0bc28cf8-20c0-11ea-842d-d43d7ede09e4","level":"info"}
{"message":"[2019-12-19 17:59:45] : /ws/soin/coordinateur/0bc28cf8-20c0-11ea-842d-d43d7ede09e4","level":"info"}
{"message":"[2019-12-19 17:59:58] : /ws/materiel/coordinateur/0bc28cf8-20c0-11ea-842d-d43d7ede09e4","level":"info"}
{"message":"[2019-12-19 17:59:58] : /ws/soin/coordinateur/0bc28cf8-20c0-11ea-842d-d43d7ede09e4","level":"info"}
{"message":"[2019-12-19 18:00:19] : /ws/authentification","level":"info"}
{"message":"Chaining to Authentification","level":"info"}
{"message":"[2019-12-19 18:00:19] : /ws/user/b2604da3-20c0-11ea-842d-d43d7ede09e4","level":"info"}
{"message":"[2019-12-19 18:00:26] : /ws/authentification","level":"info"}
{"message":"[2019-12-19 18:00:26] : /ws/user/b2604da3-20c0-11ea-842d-d43d7ede09e4","level":"info"}
{"message":"[2019-12-19 18:00:55] : /ws/materiel/coordinateur/0bc28cf8-20c0-11ea-842d-d43d7ede09e4","level":"info"}
{"message":"[2019-12-19 18:00:55] : /ws/soin/coordinateur/0bc28cf8-20c0-11ea-842d-d43d7ede09e4","level":"info"}
{"message":"[2019-12-19 18:00:59] : /ws/materiel/coordinateur/0bc28cf8-20c0-11ea-842d-d43d7ede09e4","level":"info"}
{"message":"[2019-12-19 18:00:59] : /ws/soin/coordinateur/0bc28cf8-20c0-11ea-842d-d43d7ede09e4","level":"info"}
{"message":"[2019-12-19 18:01:14] : /ws/authentification","level":"info"}
{"message":"Chaining to Authentification","level":"info"}
{"message":"[2019-12-19 18:01:14] : /ws/user/b2604da3-20c0-11ea-842d-d43d7ede09e4","level":"info"}
{"message":"[2019-12-19 18:01:45] : /ws/authentification","level":"info"}
{"message":"Chaining to Authentification","level":"info"}
{"message":"[2019-12-19 18:01:45] : /ws/user/b2604da3-20c0-11ea-842d-d43d7ede09e4","level":"info"}
{"message":"[2019-12-19 18:03:11] : /ws/authentification","level":"info"}
{"message":"Chaining to Authentification","level":"info"}
{"message":"[2019-12-19 18:03:11] : /ws/user/b2604da3-20c0-11ea-842d-d43d7ede09e4","level":"info"}
{"message":"[2019-12-19 18:04:58] : /ws/materiel/coordinateur/0bc28cf8-20c0-11ea-842d-d43d7ede09e4","level":"info"}
{"message":"[2019-12-19 18:04:58] : /ws/soin/coordinateur/0bc28cf8-20c0-11ea-842d-d43d7ede09e4","level":"info"}
{"message":"[2019-12-19 18:05:08] : /ws/authentification","level":"info"}
{"message":"Chaining to Authentification","level":"info"}
{"message":"[2019-12-19 18:05:08] : /ws/user/b2604da3-20c0-11ea-842d-d43d7ede09e4","level":"info"}
{"message":"[2019-12-19 18:05:31] : /ws/authentification","level":"info"}
{"message":"Chaining to Authentification","level":"info"}
{"message":"[2019-12-19 18:05:31] : /ws/user/b2604da3-20c0-11ea-842d-d43d7ede09e4","level":"info"}
{"message":"[2019-12-19 18:06:34] : /ws/authentification","level":"info"}
{"message":"Chaining to Authentification","level":"info"}
{"message":"[2019-12-19 18:06:35] : /ws/user/b2604da3-20c0-11ea-842d-d43d7ede09e4","level":"info"}
{"message":"[2019-12-19 18:07:26] : /ws/materiel/coordinateur/0bc28cf8-20c0-11ea-842d-d43d7ede09e4","level":"info"}
{"message":"[2019-12-19 18:07:26] : /ws/soin/coordinateur/0bc28cf8-20c0-11ea-842d-d43d7ede09e4","level":"info"}
{"message":"[2019-12-19 18:07:35] : /ws/authentification","level":"info"}
{"message":"Chaining to Authentification","level":"info"}
{"message":"[2019-12-19 18:07:35] : /ws/user/b2604da3-20c0-11ea-842d-d43d7ede09e4","level":"info"}
{"message":"[2019-12-19 18:07:39] : /ws/authentification","level":"info"}
{"message":"Chaining to Authentification","level":"info"}
{"message":"[2019-12-19 18:07:39] : /ws/user/b2604da3-20c0-11ea-842d-d43d7ede09e4","level":"info"}
{"message":"[2019-12-19 18:07:43] : /ws/authentification","level":"info"}
{"message":"Chaining to Authentification","level":"info"}
{"message":"[2019-12-19 18:07:43] : /ws/user/b2604da3-20c0-11ea-842d-d43d7ede09e4","level":"info"}
{"message":"[2019-12-19 18:07:49] : /ws/authentification","level":"info"}
{"message":"Chaining to Authentification","level":"info"}
{"message":"[2019-12-19 18:07:49] : /ws/user/b2604da3-20c0-11ea-842d-d43d7ede09e4","level":"info"}
{"message":"[2019-12-19 18:07:57] : /ws/materiel/coordinateur/0bc28cf8-20c0-11ea-842d-d43d7ede09e4","level":"info"}
{"message":"[2019-12-19 18:07:57] : /ws/soin/coordinateur/0bc28cf8-20c0-11ea-842d-d43d7ede09e4","level":"info"}
{"message":"[2019-12-19 18:08:09] : /ws/authentification","level":"info"}
{"message":"Chaining to Authentification","level":"info"}
{"message":"[2019-12-19 18:08:09] : /ws/user/b2604da3-20c0-11ea-842d-d43d7ede09e4","level":"info"}
{"message":"[2019-12-19 18:10:45] : /ws/authentification","level":"info"}
{"message":"Chaining to Authentification","level":"info"}
{"message":"[2019-12-19 18:10:45] : /ws/user/b2604da3-20c0-11ea-842d-d43d7ede09e4","level":"info"}
{"message":"[2019-12-19 18:11:51] : /ws/authentification","level":"info"}
{"message":"[2019-12-19 18:11:51] : /ws/user/b2604da3-20c0-11ea-842d-d43d7ede09e4","level":"info"}
{"message":"[2019-12-19 18:11:51] : /ws/materiel/coordinateur/0bc28cf8-20c0-11ea-842d-d43d7ede09e4","level":"info"}
{"message":"[2019-12-19 18:11:51] : /ws/soin/coordinateur/0bc28cf8-20c0-11ea-842d-d43d7ede09e4","level":"info"}
{"message":"[2019-12-19 18:12:02] : /ws/materiel/coordinateur/0bc28cf8-20c0-11ea-842d-d43d7ede09e4","level":"info"}
{"message":"[2019-12-19 18:12:02] : /ws/soin/coordinateur/0bc28cf8-20c0-11ea-842d-d43d7ede09e4","level":"info"}
{"message":"[2019-12-19 18:12:10] : /ws/materiel/coordinateur/0bc28cf8-20c0-11ea-842d-d43d7ede09e4","level":"info"}
{"message":"[2019-12-19 18:12:10] : /ws/soin/coordinateur/0bc28cf8-20c0-11ea-842d-d43d7ede09e4","level":"info"}
{"message":"[2019-12-19 18:12:42] : /ws/authentification","level":"info"}
{"message":"Chaining to Authentification","level":"info"}
{"message":"[2019-12-19 18:12:42] : /ws/user/b2604da3-20c0-11ea-842d-d43d7ede09e4","level":"info"}
{"message":"[2019-12-19 18:14:53] : /ws/authentification","level":"info"}
{"message":"[2019-12-19 18:14:53] : /ws/user/b2604da3-20c0-11ea-842d-d43d7ede09e4","level":"info"}
{"message":"[2019-12-19 18:14:53] : /ws/materiel/coordinateur/0bc28cf8-20c0-11ea-842d-d43d7ede09e4","level":"info"}
{"message":"[2019-12-19 18:14:53] : /ws/soin/coordinateur/0bc28cf8-20c0-11ea-842d-d43d7ede09e4","level":"info"}
{"message":"[2019-12-19 18:17:36] : /ws/authentification","level":"info"}
{"message":"Chaining to Authentification","level":"info"}
{"message":"[2019-12-19 18:17:36] : /ws/user/b2604da3-20c0-11ea-842d-d43d7ede09e4","level":"info"}
{"message":"[2019-12-19 18:17:45] : /ws/authentification","level":"info"}
{"message":"Chaining to Authentification","level":"info"}
{"message":"[2019-12-19 18:17:45] : /ws/user/b2604da3-20c0-11ea-842d-d43d7ede09e4","level":"info"}
{"message":"[2019-12-19 18:18:37] : /ws/materiel/coordinateur/0bc28cf8-20c0-11ea-842d-d43d7ede09e4","level":"info"}
{"message":"[2019-12-19 18:18:37] : /ws/soin/coordinateur/0bc28cf8-20c0-11ea-842d-d43d7ede09e4","level":"info"}
{"message":"[2019-12-19 18:18:42] : /ws/materiel/coordinateur/0bc28cf8-20c0-11ea-842d-d43d7ede09e4","level":"info"}
{"message":"[2019-12-19 18:18:42] : /ws/soin/coordinateur/0bc28cf8-20c0-11ea-842d-d43d7ede09e4","level":"info"}
{"message":"[2019-12-19 18:18:57] : /ws/authentification","level":"info"}
{"message":"Chaining to Authentification","level":"info"}
{"message":"[2019-12-19 18:18:57] : /ws/user/b2604da3-20c0-11ea-842d-d43d7ede09e4","level":"info"}
{"message":"[2019-12-19 18:19:00] : /ws/authentification","level":"info"}
{"message":"[2019-12-19 18:19:00] : /ws/user/b2604da3-20c0-11ea-842d-d43d7ede09e4","level":"info"}
{"message":"[2019-12-19 19:14:37] : /ws/authentification","level":"info"}
{"message":"Chaining to Authentification","level":"info"}
{"level":"info","message":"Mauvais mot de passe"}
{"message":"[2019-12-19 19:15:32] : /ws/authentification","level":"info"}
{"message":"Chaining to Authentification","level":"info"}
{"level":"info","message":"Mauvais mot de passe"}
{"message":"[2019-12-19 19:16:26] : /ws/authentification","level":"info"}
{"message":"Chaining to Authentification","level":"info"}
{"level":"info","message":"Mauvais mot de passe"}
{"message":"[2019-12-19 19:17:12] : /ws/authentification","level":"info"}
{"message":"Chaining to Authentification","level":"info"}
{"level":"info","message":"Mauvais mot de passe"}
{"message":"[2019-12-19 19:17:17] : /ws/authentification","level":"info"}
{"message":"Chaining to Authentification","level":"info"}
{"level":"info","message":"Mauvais mot de passe"}
{"message":"[2019-12-19 19:22:18] : /ws/authentification","level":"info"}
{"message":"Chaining to Authentification","level":"info"}
{"message":"[2019-12-19 19:22:18] : /ws/user/e8eaf11a-204c-11ea-bb9c-ac9e17f03b54","level":"info"}
{"message":"[2019-12-19 19:22:26] : /ws/authentification","level":"info"}
{"message":"[2019-12-19 19:22:26] : /ws/user/e8eaf11a-204c-11ea-bb9c-ac9e17f03b54","level":"info"}
{"message":"[2019-12-19 20:18:22] : /ws/coordinateurs","level":"info"}
{"name":"TokenExpiredError","message":"jwt expired","expiredAt":"2019-12-19T18:52:26.000Z","level":"error"}
{"message":"[2019-12-19 20:18:22] : /ws/etablissement","level":"info"}
{"name":"TokenExpiredError","message":"jwt expired","expiredAt":"2019-12-19T18:52:26.000Z","level":"error"}
{"message":"[2019-12-19 20:19:15] : /ws/protocole/list/","level":"info"}
{"name":"TokenExpiredError","message":"jwt expired","expiredAt":"2019-12-19T18:52:26.000Z","level":"error"}
{"message":"[2019-12-19 20:19:17] : /ws/etablissement","level":"info"}
{"name":"TokenExpiredError","message":"jwt expired","expiredAt":"2019-12-19T18:52:26.000Z","level":"error"}
{"message":"[2019-12-19 20:19:20] : /ws/protocole/list/","level":"info"}
{"name":"TokenExpiredError","message":"jwt expired","expiredAt":"2019-12-19T18:52:26.000Z","level":"error"}
{"message":"[2019-12-19 22:00:15] : /ws/authentification","level":"info"}
{"message":"Chaining to Authentification","level":"info"}
{"message":"[2019-12-19 22:00:15] : /ws/user/e8eaf11a-204c-11ea-bb9c-ac9e17f03b54","level":"info"}
{"message":"[2019-12-19 22:00:21] : /ws/authentification","level":"info"}
{"message":"[2019-12-19 22:00:21] : /ws/materiel/coordinateur/7d2b9b25-204c-11ea-bb9c-ac9e17f03b54","level":"info"}
{"message":"[2019-12-19 22:00:21] : /ws/user/e8eaf11a-204c-11ea-bb9c-ac9e17f03b54","level":"info"}
{"message":"[2019-12-19 22:00:21] : /ws/soin/coordinateur/7d2b9b25-204c-11ea-bb9c-ac9e17f03b54","level":"info"}
{"message":"[2019-12-19 22:02:12] : /ws/authentification","level":"info"}
{"message":"Chaining to Authentification","level":"info"}
{"message":"[2019-12-19 22:02:12] : /ws/user/e8eaf11a-204c-11ea-bb9c-ac9e17f03b54","level":"info"}
{"message":"[2019-12-19 22:04:28] : /ws/authentification","level":"info"}
{"message":"Chaining to Authentification","level":"info"}
{"message":"[2019-12-19 22:04:28] : /ws/user/e8eaf11a-204c-11ea-bb9c-ac9e17f03b54","level":"info"}
{"message":"[2019-12-19 22:06:18] : /ws/authentification","level":"info"}
{"message":"Chaining to Authentification","level":"info"}
{"message":"[2019-12-19 22:06:18] : /ws/user/e8eaf11a-204c-11ea-bb9c-ac9e17f03b54","level":"info"}
{"message":"[2019-12-19 22:06:26] : /ws/authentification","level":"info"}
{"message":"Chaining to Authentification","level":"info"}
{"message":"[2019-12-19 22:06:26] : /ws/user/e8eaf11a-204c-11ea-bb9c-ac9e17f03b54","level":"info"}
{"message":"[2019-12-19 22:12:37] : /ws/authentification","level":"info"}
{"message":"Chaining to Authentification","level":"info"}
{"message":"[2019-12-19 22:12:37] : /ws/user/e8eaf11a-204c-11ea-bb9c-ac9e17f03b54","level":"info"}
{"message":"[2019-12-19 22:22:10] : /ws/authentification","level":"info"}
{"message":"Chaining to Authentification","level":"info"}
{"message":"[2019-12-19 22:22:10] : /ws/user/e8eaf11a-204c-11ea-bb9c-ac9e17f03b54","level":"info"}
{"message":"[2019-12-19 22:22:22] : /ws/authentification","level":"info"}
{"message":"[2019-12-19 22:22:22] : /ws/user/e8eaf11a-204c-11ea-bb9c-ac9e17f03b54","level":"info"}
{"message":"[2019-12-19 22:22:59] : /ws/materiel/coordinateur/7d2b9b25-204c-11ea-bb9c-ac9e17f03b54","level":"info"}
{"message":"[2019-12-19 22:22:59] : /ws/soin/coordinateur/7d2b9b25-204c-11ea-bb9c-ac9e17f03b54","level":"info"}
{"message":"[2019-12-19 22:23:42] : /ws/authentification","level":"info"}
{"message":"Chaining to Authentification","level":"info"}
{"message":"[2019-12-19 22:23:42] : /ws/user/e8eaf11a-204c-11ea-bb9c-ac9e17f03b54","level":"info"}
{"message":"[2019-12-19 22:42:32] : /ws/materiel/coordinateur/7d2b9b25-204c-11ea-bb9c-ac9e17f03b54","level":"info"}
{"message":"[2019-12-19 22:42:32] : /ws/soin/coordinateur/7d2b9b25-204c-11ea-bb9c-ac9e17f03b54","level":"info"}
{"message":"[2019-12-19 22:51:05] : /ws/materiel/coordinateur/7d2b9b25-204c-11ea-bb9c-ac9e17f03b54","level":"info"}
{"message":"[2019-12-19 22:51:05] : /ws/soin/coordinateur/7d2b9b25-204c-11ea-bb9c-ac9e17f03b54","level":"info"}
{"message":"[2019-12-19 22:55:53] : /ws/materiel/coordinateur/7d2b9b25-204c-11ea-bb9c-ac9e17f03b54","level":"info"}
{"name":"TokenExpiredError","message":"jwt expired","expiredAt":"2019-12-19T21:53:42.000Z","level":"error"}
{"message":"[2019-12-19 22:55:53] : /ws/soin/coordinateur/7d2b9b25-204c-11ea-bb9c-ac9e17f03b54","level":"info"}
{"name":"TokenExpiredError","message":"jwt expired","expiredAt":"2019-12-19T21:53:42.000Z","level":"error"}
{"message":"[2019-12-19 22:56:08] : /ws/authentification","level":"info"}
{"message":"Chaining to Authentification","level":"info"}
{"message":"[2019-12-19 22:56:08] : /ws/user/e8eaf11a-204c-11ea-bb9c-ac9e17f03b54","level":"info"}
{"message":"[2019-12-19 22:56:37] : /ws/authentification","level":"info"}
{"message":"[2019-12-19 22:56:37] : /ws/user/e8eaf11a-204c-11ea-bb9c-ac9e17f03b54","level":"info"}
{"message":"[2019-12-19 22:56:37] : /ws/materiel/coordinateur/7d2b9b25-204c-11ea-bb9c-ac9e17f03b54","level":"info"}
{"message":"[2019-12-19 22:56:37] : /ws/soin/coordinateur/7d2b9b25-204c-11ea-bb9c-ac9e17f03b54","level":"info"}
{"message":"[2019-12-19 22:56:57] : /ws/authentification","level":"info"}
{"message":"Chaining to Authentification","level":"info"}
{"message":"[2019-12-19 22:56:57] : /ws/user/e8eaf11a-204c-11ea-bb9c-ac9e17f03b54","level":"info"}
{"message":"[2019-12-19 22:59:44] : /ws/authentification","level":"info"}
{"message":"Chaining to Authentification","level":"info"}
{"message":"[2019-12-19 22:59:44] : /ws/user/e8eaf11a-204c-11ea-bb9c-ac9e17f03b54","level":"info"}
{"message":"[2019-12-19 23:00:11] : /ws/authentification","level":"info"}
{"message":"Chaining to Authentification","level":"info"}
{"message":"[2019-12-19 23:00:11] : /ws/user/e8eaf11a-204c-11ea-bb9c-ac9e17f03b54","level":"info"}
{"message":"[2019-12-19 23:01:02] : /ws/authentification","level":"info"}
{"message":"Chaining to Authentification","level":"info"}
{"message":"[2019-12-19 23:01:02] : /ws/user/e8eaf11a-204c-11ea-bb9c-ac9e17f03b54","level":"info"}
{"message":"[2019-12-19 23:07:59] : /ws/authentification","level":"info"}
{"message":"Chaining to Authentification","level":"info"}
{"message":"[2019-12-19 23:07:59] : /ws/user/e8eaf11a-204c-11ea-bb9c-ac9e17f03b54","level":"info"}
{"message":"[2019-12-19 23:09:58] : /ws/authentification","level":"info"}
{"message":"Chaining to Authentification","level":"info"}
{"message":"[2019-12-19 23:09:58] : /ws/user/e8eaf11a-204c-11ea-bb9c-ac9e17f03b54","level":"info"}
{"message":"[2019-12-19 23:10:06] : /ws/authentification","level":"info"}
{"message":"Chaining to Authentification","level":"info"}
{"message":"[2019-12-19 23:10:06] : /ws/user/e8eaf11a-204c-11ea-bb9c-ac9e17f03b54","level":"info"}
{"message":"[2019-12-19 23:10:25] : /ws/authentification","level":"info"}
{"message":"Chaining to Authentification","level":"info"}
{"message":"[2019-12-19 23:10:25] : /ws/user/e8eaf11a-204c-11ea-bb9c-ac9e17f03b54","level":"info"}
{"message":"[2019-12-19 23:22:23] : /ws/authentification","level":"info"}
{"message":"Chaining to Authentification","level":"info"}
{"message":"[2019-12-19 23:22:23] : /ws/user/e8eaf11a-204c-11ea-bb9c-ac9e17f03b54","level":"info"}
{"message":"[2019-12-19 23:33:58] : /ws/user","level":"info"}
{"message":"[2019-12-19 23:34:10] : /ws/etablissement","level":"info"}
{"message":"[2019-12-19 23:34:19] : /ws/materiel/coordinateur/7d2b9b25-204c-11ea-bb9c-ac9e17f03b54","level":"info"}
{"message":"[2019-12-19 23:34:19] : /ws/soin/coordinateur/7d2b9b25-204c-11ea-bb9c-ac9e17f03b54","level":"info"}
{"message":"[2019-12-19 23:34:20] : /ws/user","level":"info"}
{"message":"[2019-12-19 23:34:22] : /ws/user/e8eaf11a-204c-11ea-bb9c-ac9e17f03b54","level":"info"}
{"message":"[2019-12-23 14:03:16] : /ws/authentification","level":"info"}
{"name":"TokenExpiredError","message":"jwt expired","expiredAt":"2019-12-19T22:52:23.000Z","level":"error"}
{"message":"[2019-12-23 14:03:17] : /ws/authentification","level":"info"}
{"name":"TokenExpiredError","message":"jwt expired","expiredAt":"2019-12-19T22:52:23.000Z","level":"error"}
{"message":"[2019-12-23 14:04:47] : /ws/authentification","level":"info"}
{"name":"TokenExpiredError","message":"jwt expired","expiredAt":"2019-12-19T22:52:23.000Z","level":"error"}
{"message":"[2019-12-23 14:05:57] : /ws/authentification","level":"info"}
{"name":"TokenExpiredError","message":"jwt expired","expiredAt":"2019-12-19T22:52:23.000Z","level":"error"}
{"message":"[2019-12-23 14:07:05] : /ws/authentification","level":"info"}
{"message":"Chaining to Authentification","level":"info"}
{"message":"[2019-12-23 14:07:17] : /ws/authentification","level":"info"}
{"message":"Chaining to Authentification","level":"info"}
{"message":"[2019-12-23 14:08:40] : /ws/authentification","level":"info"}
{"message":"Chaining to Authentification","level":"info"}
{"message":"[2019-12-23 14:12:26] : /ws/authentification","level":"info"}
{"message":"Chaining to Authentification","level":"info"}
{"message":"[2019-12-23 14:12:30] : /ws/authentification","level":"info"}
{"message":"Chaining to Authentification","level":"info"}
{"message":"[2019-12-23 14:13:38] : /ws/authentification","level":"info"}
{"message":"Chaining to Authentification","level":"info"}
{"message":"[2019-12-23 14:13:58] : /ws/authentification","level":"info"}
{"message":"Chaining to Authentification","level":"info"}
{"message":"[2019-12-23 14:15:32] : /ws/authentification","level":"info"}
{"message":"Chaining to Authentification","level":"info"}
{"message":"[2019-12-23 14:17:36] : /ws/authentification","level":"info"}
{"message":"Chaining to Authentification","level":"info"}
{"message":"[2019-12-23 14:18:48] : /ws/authentification","level":"info"}
{"message":"Chaining to Authentification","level":"info"}
{"message":"[2019-12-23 14:19:30] : /ws/authentification","level":"info"}
{"message":"Chaining to Authentification","level":"info"}
{"message":"[2019-12-23 14:20:36] : /ws/authentification","level":"info"}
{"message":"Chaining to Authentification","level":"info"}
{"message":"[2019-12-23 14:21:18] : /ws/authentification","level":"info"}
{"message":"Chaining to Authentification","level":"info"}
{"message":"[2019-12-23 14:22:25] : /ws/authentification","level":"info"}
{"message":"Chaining to Authentification","level":"info"}
{"message":"[2019-12-23 14:22:59] : /ws/authentification","level":"info"}
{"message":"Chaining to Authentification","level":"info"}
{"message":"[2019-12-23 14:23:41] : /ws/authentification","level":"info"}
{"message":"Chaining to Authentification","level":"info"}
{"message":"[2019-12-23 14:24:10] : /ws/authentification","level":"info"}
{"message":"Chaining to Authentification","level":"info"}
{"message":"[2019-12-23 14:24:58] : /ws/authentification","level":"info"}
{"message":"Chaining to Authentification","level":"info"}
{"message":"[2019-12-23 14:25:21] : /ws/authentification","level":"info"}
{"message":"Chaining to Authentification","level":"info"}
{"level":"error"}
{"message":"[2019-12-23 14:25:23] : /ws/authentification","level":"info"}
{"message":"Chaining to Authentification","level":"info"}
{"level":"error"}
{"message":"[2019-12-23 14:25:23] : /ws/authentification","level":"info"}
{"message":"Chaining to Authentification","level":"info"}
{"level":"error"}
{"message":"[2019-12-23 14:25:23] : /ws/authentification","level":"info"}
{"message":"Chaining to Authentification","level":"info"}
{"level":"error"}
{"message":"[2019-12-23 14:25:24] : /ws/authentification","level":"info"}
{"message":"Chaining to Authentification","level":"info"}
{"level":"error"}
{"message":"[2019-12-23 14:25:24] : /ws/authentification","level":"info"}
{"message":"Chaining to Authentification","level":"info"}
{"level":"error"}
{"message":"[2019-12-23 14:26:52] : /ws/authentification","level":"info"}
{"message":"Chaining to Authentification","level":"info"}
{"level":"info","message":"Mauvais mot de passe"}
{"message":"[2019-12-23 14:27:16] : /ws/authentification","level":"info"}
{"message":"Chaining to Authentification","level":"info"}
{"message":"[2019-12-23 14:27:16] : /ws/user/e8eaf11a-204c-11ea-bb9c-ac9e17f03b54","level":"info"}
{"message":"[2019-12-23 14:28:23] : /ws/authentification","level":"info"}
{"message":"Chaining to Authentification","level":"info"}
{"message":"[2019-12-23 14:28:23] : /ws/user/e8eaf11a-204c-11ea-bb9c-ac9e17f03b54","level":"info"}
